{"logTime": "0424/224056", "correlationVector":"7ZjBNQtolHOxJOhEpoWS34.1","action":"SyncServerConnectionManagerRequest", "result":"SYNC_SERVER_OK", "context":{"environment":"Prod_germanywestcentral_prod-s01-011-eur-germanywestcentral", "migrationStage":"NotStarted", "server":"akswtt003000011"}}
{"logTime": "0424/224056", "correlationVector":"7ZjBNQtolHOxJOhEpoWS34.2","action":"ProcessGetUpdates", "result":"Done", "context":{"dataType":"Encryption Keys", "deleted":"0", "process_failed_to_decrypt":"0", "process_pending_decryption":"0", "process_success":"1", "total":"1"}}
{"logTime": "0424/224056", "correlationVector":"+7K7yEMdTssCC6XoHbG31d","action":"SyncServerConnectionManagerRequest", "result":"SYNC_SERVER_OK", "context":{"environment":"", "migrationStage":"", "server":""}}
{"logTime": "0424/224056", "correlationVector":"+7K7yEMdTssCC6XoHbG31d.0","action":"EncryptionKeysFetcher.DownloadKeys:", "result":"Success", "context":Key count: 6, Last key timestamp: 2026-04-22T22:36:10Z}
{"logTime": "0424/224056", "correlationVector":"+7K7yEMdTssCC6XoHbG31d.1","action":"EncryptionKeysManager::SetEncryptionKeys:", "result":"Success", "context":Key names[6]:[M0Y6+fPMRT868GEy1y1PhpAPTA3xhjSDSLQTPnYY9mmMyqWV0qHfF5MsSI50aZq0PlPCKKuBUPjJp0k4XP68NA==][GvfOp2JYRJe72vllVUp1ktS3WYZTPG2nPlcROqpN8j0SXMXBbAqIF/EL86Ck8IqZcatRH0rbk84VGpzykhH6Fg==][Dp3EhC2rte+vle5PRbi23atJ8SI7/VASTACvTcku5D5IGJblKdmVdHcT/MdDS5XFOEeuBIlUv57OOLPtxoIIYA==][zeKfLyi7i8UcGP1p1GwlLCy6Vs1/85QP4fPDpVLimen47t0HGRsCpKlsGWieFy1c2+OuBOkAcpdUiIzqj4PXvg==][H+nI5279IxL9pvQG/3ZD5s2oq3dAWm0+BeiMGJzeXo2GwlAyTZ/hITEJolpdW2Ekt5XBVlmiC9JgKMDc3g2pOw==][jqvTPxkCkVknpgER1l9HcbePutHc17mF6kO3y8I5WXzYXEk1cqSjmQcen6qt8zA6zlDJN9AspmgmdIIT2vBJSg==]}
{"logTime": "0424/224056", "correlationVector":"+7K7yEMdTssCC6XoHbG31d.2","action":"EncryptionKeysManager::SetEncryptionKeysWithTimestamps:", "result":"Success", "context":Key timestamps[6]:[2022-10-26T12:39:27Z][2023-04-29T11:24:28Z][2023-11-01T10:38:17Z][2023-11-15T18:20:31Z][2024-06-22T10:06:18Z][2026-04-22T22:36:10Z]}
{"logTime": "0424/224056", "correlationVector":"7ZjBNQtolHOxJOhEpoWS34","action":"Initial GetUpdates", "result":"", "context":Reason: NEW_CLIENT. cV=7ZjBNQtolHOxJOhEpoWS34}
{"logTime": "0424/224056", "correlationVector":"7ZjBNQtolHOxJOhEpoWS34.3","action":"GetUpdates Response", "result":"Success", "context":Received 1 update(s). cV=7ZjBNQtolHOxJOhEpoWS34.0;server=akswtt003000011;cloudType=Consumer;environment=Prod_germanywestcentral_prod-s01-011-eur-germanywestcentral;migrationStage=NotStarted}
{"logTime": "0424/224056", "correlationVector":"hp1n7EL3DA2W7/DxsLniRS","action":"Initial GetUpdates", "result":"", "context":Reason: NEWLY_SUPPORTED_DATATYPE. cV=hp1n7EL3DA2W7/DxsLniRS}
{"logTime": "0424/224057", "correlationVector":"hp1n7EL3DA2W7/DxsLniRS.1","action":"SyncServerConnectionManagerRequest", "result":"SYNC_SERVER_OK", "context":{"environment":"Prod_germanywestcentral_prod-s01-010-eur-germanywestcentral", "migrationStage":"NotStarted", "server":"akswtt000000006"}}
{"logTime": "0424/224057", "correlationVector":"hp1n7EL3DA2W7/DxsLniRS.2","action":"ProcessGetUpdates", "result":"Done", "context":{"dataType":"Preferences", "deleted":"0", "process_failed_to_decrypt":"0", "process_pending_decryption":"0", "process_success":"47", "total":"47"}}
{"logTime": "0424/224057", "correlationVector":"hp1n7EL3DA2W7/DxsLniRS.3","action":"ProcessGetUpdates", "result":"Done", "context":{"dataType":"Passwords", "deleted":"0", "process_failed_to_decrypt":"0", "process_pending_decryption":"0", "process_success":"4", "total":"4"}}
{"logTime": "0424/224057", "correlationVector":"hp1n7EL3DA2W7/DxsLniRS.4","action":"ProcessGetUpdates", "result":"Done", "context":{"dataType":"Device Info", "deleted":"0", "process_failed_to_decrypt":"0", "process_pending_decryption":"0", "process_success":"6", "total":"6"}}
{"logTime": "0424/224057", "correlationVector":"hp1n7EL3DA2W7/DxsLniRS.5","action":"GetUpdates Response", "result":"Success", "context":Received 57 update(s). cV=hp1n7EL3DA2W7/DxsLniRS.0;server=akswtt000000006;cloudType=Consumer;environment=Prod_germanywestcentral_prod-s01-010-eur-germanywestcentral;migrationStage=NotStarted}
{"logTime": "0424/224057", "correlationVector":"2eBT+92y+zeJRpCaITWuWJ","action":"Initial GetUpdates", "result":"", "context":Reason: NEWLY_SUPPORTED_DATATYPE. cV=2eBT+92y+zeJRpCaITWuWJ}
{"logTime": "0424/224057", "correlationVector":"2eBT+92y+zeJRpCaITWuWJ.1","action":"SyncServerConnectionManagerRequest", "result":"SYNC_SERVER_OK", "context":{"environment":"Prod_germanywestcentral_prod-s01-010-eur-germanywestcentral", "migrationStage":"NotStarted", "server":"akswtt00000000c"}}
{"logTime": "0424/224057", "correlationVector":"2eBT+92y+zeJRpCaITWuWJ.2","action":"ProcessGetUpdates", "result":"Done", "context":{"dataType":"Bookmarks", "deleted":"0", "process_failed_to_decrypt":"0", "process_pending_decryption":"0", "process_success":"6", "total":"6"}}
{"logTime": "0424/224057", "correlationVector":"2eBT+92y+zeJRpCaITWuWJ.3","action":"GetUpdates Response", "result":"Success", "context":Received 6 update(s). cV=2eBT+92y+zeJRpCaITWuWJ.0;server=akswtt00000000c;cloudType=Consumer;environment=Prod_germanywestcentral_prod-s01-010-eur-germanywestcentral;migrationStage=NotStarted}
{"logTime": "0424/224057", "correlationVector":"xsAozatKuwG21PJO+zL/f7","action":"Initial GetUpdates", "result":"", "context":Reason: NEWLY_SUPPORTED_DATATYPE. cV=xsAozatKuwG21PJO+zL/f7}
{"logTime": "0424/224057", "correlationVector":"xsAozatKuwG21PJO+zL/f7.1","action":"SyncServerConnectionManagerRequest", "result":"SYNC_SERVER_OK", "context":{"environment":"Prod_germanywestcentral_prod-s01-010-eur-germanywestcentral", "migrationStage":"NotStarted", "server":"akswtt00000000d"}}
{"logTime": "0424/224057", "correlationVector":"xsAozatKuwG21PJO+zL/f7.2","action":"ProcessGetUpdates", "result":"Done", "context":{"dataType":"Autofill Profiles", "deleted":"4", "process_failed_to_decrypt":"0", "process_pending_decryption":"0", "process_success":"4", "total":"4"}}
{"logTime": "0424/224057", "correlationVector":"xsAozatKuwG21PJO+zL/f7.3","action":"ProcessGetUpdates", "result":"Done", "context":{"dataType":"Autofill", "deleted":"0", "process_failed_to_decrypt":"0", "process_pending_decryption":"0", "process_success":"1", "total":"1"}}
{"logTime": "0424/224057", "correlationVector":"xsAozatKuwG21PJO+zL/f7.4","action":"ProcessGetUpdates", "result":"Done", "context":{"dataType":"Sessions", "deleted":"1", "process_failed_to_decrypt":"0", "process_pending_decryption":"0", "process_success":"10", "total":"10"}}
{"logTime": "0424/224057", "correlationVector":"xsAozatKuwG21PJO+zL/f7.5","action":"ProcessGetUpdates", "result":"Done", "context":{"dataType":"Edge Hub App Usage", "deleted":"0", "process_failed_to_decrypt":"0", "process_pending_decryption":"0", "process_success":"1", "total":"1"}}
{"logTime": "0424/224057", "correlationVector":"xsAozatKuwG21PJO+zL/f7.6","action":"GetUpdates Response", "result":"Success", "context":Received 16 update(s). cV=xsAozatKuwG21PJO+zL/f7.0;server=akswtt00000000d;cloudType=Consumer;environment=Prod_germanywestcentral_prod-s01-010-eur-germanywestcentral;migrationStage=NotStarted}
{"logTime": "0424/224057", "correlationVector":"G1ciV/V2AZG5qLJDEGn07m","action":"Initial GetUpdates", "result":"", "context":Reason: NEWLY_SUPPORTED_DATATYPE. cV=G1ciV/V2AZG5qLJDEGn07m}
{"logTime": "0424/224057", "correlationVector":"G1ciV/V2AZG5qLJDEGn07m.1","action":"SyncServerConnectionManagerRequest", "result":"SYNC_SERVER_OK", "context":{"environment":"Prod_germanywestcentral_prod-s01-010-eur-germanywestcentral", "migrationStage":"NotStarted", "server":"akswtt000000004"}}
{"logTime": "0424/224057", "correlationVector":"G1ciV/V2AZG5qLJDEGn07m.2","action":"ProcessGetUpdates", "result":"Done", "context":{"dataType":"History", "deleted":"0", "process_failed_to_decrypt":"0", "process_pending_decryption":"0", "process_success":"26", "total":"26"}}
{"logTime": "0424/224057", "correlationVector":"G1ciV/V2AZG5qLJDEGn07m.3","action":"GetUpdates Response", "result":"Success", "context":Received 26 update(s). cV=G1ciV/V2AZG5qLJDEGn07m.0;server=akswtt000000004;cloudType=Consumer;environment=Prod_germanywestcentral_prod-s01-010-eur-germanywestcentral;migrationStage=NotStarted}
{"logTime": "0424/224057", "correlationVector":"IxVVLUru37AWYZolG6hlhF","action":"Normal GetUpdate request", "result":"", "context":cV=IxVVLUru37AWYZolG6hlhF
Nudged types: Sessions, Device Info, User Consents
Refresh requested types: Bookmarks, Preferences, Passwords, Autofill Profiles, Autofill, Extensions, Sessions, Extension settings, History Delete Directives, Device Info, User Consents, Send Tab To Self, Web Apps, History, Saved Tab Group, WebAuthn Credentials, Collection, Edge E Drop, Edge Hub App Usage, Edge Wallet, Edge Workspace, Encryption Keys}
{"logTime": "0424/224057", "correlationVector":"IxVVLUru37AWYZolG6hlhF.1","action":"SyncServerConnectionManagerRequest", "result":"SYNC_SERVER_OK", "context":{"environment":"Prod_germanywestcentral_prod-s01-010-eur-germanywestcentral", "migrationStage":"NotStarted", "server":"akswtt000000006"}}
{"logTime": "0424/224057", "correlationVector":"IxVVLUru37AWYZolG6hlhF.2","action":"GetUpdates Response", "result":"Success", "context":Received 0 update(s). cV=IxVVLUru37AWYZolG6hlhF.0;server=akswtt000000006;cloudType=Consumer;environment=Prod_germanywestcentral_prod-s01-010-eur-germanywestcentral;migrationStage=NotStarted}
{"logTime": "0424/224057", "correlationVector":"Cd5c2/zVVuXd4eyf04jT2e","action":"DoCompareDataConsistency requsted types: ", "result":"Bookmarks, Preferences, Passwords, Extensions, Extension settings, History Delete Directives, Send Tab To Self, Web Apps, History, Saved Tab Group, WebAuthn Credentials, Collection, Edge E Drop, Edge Wallet, Edge Workspace, Encryption Keys"}
{"logTime": "0424/224057", "correlationVector":"Cd5c2/zVVuXd4eyf04jT2e.0","action":"CompareDataConsistency result: ", "result":"Compare result: Encryption Keys is consistent. local entities count is: 1 local entities hash is: CI9gqONRRyMfRKCrIm4Hc8hwADU="}
{"logTime": "0424/224057", "correlationVector":"Cd5c2/zVVuXd4eyf04jT2e.1","action":"CompareDataConsistency result: ", "result":"Compare result: Bookmarks is consistent. local entities count is: 0 local entities hash is: "}
{"logTime": "0424/224057", "correlationVector":"Cd5c2/zVVuXd4eyf04jT2e.2","action":"CompareDataConsistency result: ", "result":"Compare result: Preferences is consistent. local entities count is: 47 local entities hash is: pmstACNc3Jed6kBVjGObUwJrxeI="}
{"logTime": "0424/224057", "correlationVector":"Cd5c2/zVVuXd4eyf04jT2e.3","action":"CompareDataConsistency result: ", "result":"Compare result: Extensions is consistent. local entities count is: 0 local entities hash is: "}
{"logTime": "0424/224057", "correlationVector":"Cd5c2/zVVuXd4eyf04jT2e.4","action":"CompareDataConsistency result: ", "result":"Compare result: Extension settings is consistent. local entities count is: 0 local entities hash is: "}
{"logTime": "0424/224057", "correlationVector":"Cd5c2/zVVuXd4eyf04jT2e.5","action":"CompareDataConsistency result: ", "result":"Compare result: History Delete Directives is consistent. local entities count is: 0 local entities hash is: "}
{"logTime": "0424/224057", "correlationVector":"Cd5c2/zVVuXd4eyf04jT2e.6","action":"CompareDataConsistency result: ", "result":"Server did not send this Send Tab To Self local entities count is: 0 local entities hash is: "}
{"logTime": "0424/224057", "correlationVector":"Cd5c2/zVVuXd4eyf04jT2e.7","action":"CompareDataConsistency result: ", "result":"Compare result: Web Apps is consistent. local entities count is: 0 local entities hash is: "}
{"logTime": "0424/224057", "correlationVector":"Cd5c2/zVVuXd4eyf04jT2e.8","action":"CompareDataConsistency result: ", "result":"Server did not send this History local entities count is: 0 local entities hash is: "}
{"logTime": "0424/224057", "correlationVector":"Cd5c2/zVVuXd4eyf04jT2e.9","action":"CompareDataConsistency result: ", "result":"Compare result: Saved Tab Group is consistent. local entities count is: 0 local entities hash is: "}
{"logTime": "0424/224057", "correlationVector":"Cd5c2/zVVuXd4eyf04jT2e.10","action":"CompareDataConsistency result: ", "result":"Server did not send this WebAuthn Credentials local entities count is: 0 local entities hash is: "}
{"logTime": "0424/224057", "correlationVector":"Cd5c2/zVVuXd4eyf04jT2e.11","action":"CompareDataConsistency result: ", "result":"Compare result: Collection is consistent. local entities count is: 0 local entities hash is: "}
{"logTime": "0424/224057", "correlationVector":"Cd5c2/zVVuXd4eyf04jT2e.12","action":"CompareDataConsistency result: ", "result":"Compare result: Edge E Drop is consistent. local entities count is: 0 local entities hash is: "}
{"logTime": "0424/224057", "correlationVector":"Cd5c2/zVVuXd4eyf04jT2e.13","action":"CompareDataConsistency result: ", "result":"Compare result: Edge Wallet is consistent. local entities count is: 0 local entities hash is: "}
{"logTime": "0424/224057", "correlationVector":"Cd5c2/zVVuXd4eyf04jT2e.14","action":"CompareDataConsistency result: ", "result":"Server did not send this Edge Workspace local entities count is: 0 local entities hash is: "}
{"logTime": "0424/224057", "correlationVector":"Cd5c2/zVVuXd4eyf04jT2e.15","action":"CompareDataConsistency result: ", "result":"Compare result: Passwords is consistent. local entities count is: 4 local entities hash is: W98+iKsEan2ApkCiRg2+UEG9/go="}
{"logTime": "0424/224057", "correlationVector":"JhV45IUOOZvPVmGzCuksFj","action":"Commit Request", "result":"", "context":Item count: 4
Contributing types: Sessions, Device Info, User Consents}
{"logTime": "0424/224058", "correlationVector":"JhV45IUOOZvPVmGzCuksFj.1","action":"SyncServerConnectionManagerRequest", "result":"SYNC_SERVER_OK", "context":{"environment":"Prod_germanywestcentral_prod-s01-010-eur-germanywestcentral", "migrationStage":"NotStarted", "server":"akswtt00000000d"}}
{"logTime": "0424/224058", "correlationVector":"JhV45IUOOZvPVmGzCuksFj.2","action":"Commit Response", "result":"Success", "context":Result: Success. cV=JhV45IUOOZvPVmGzCuksFj.0;server=akswtt00000000d;cloudType=Consumer;environment=Prod_germanywestcentral_prod-s01-010-eur-germanywestcentral;migrationStage=NotStarted}
{"logTime": "0424/224058", "correlationVector":"","action":"DIAGNOSTIC_REQUEST|v1/diagnosticData/Diagnostic.SendCheckResult()|SUCCESS", "result":""}
{"logTime": "0424/224203", "correlationVector":"cJqQOHTs4Fe3TlWuEhdyxh","action":"Commit Request", "result":"", "context":Item count: 2
Contributing types: Sessions, History}
{"logTime": "0424/224203", "correlationVector":"cJqQOHTs4Fe3TlWuEhdyxh.1","action":"SyncServerConnectionManagerRequest", "result":"SYNC_SERVER_OK", "context":{"environment":"Prod_germanywestcentral_prod-s01-010-eur-germanywestcentral", "migrationStage":"NotStarted", "server":"akswtt000000006"}}
{"logTime": "0424/224203", "correlationVector":"cJqQOHTs4Fe3TlWuEhdyxh.2","action":"Commit Response", "result":"Success", "context":Result: Success. cV=cJqQOHTs4Fe3TlWuEhdyxh.0;server=akswtt000000006;cloudType=Consumer;environment=Prod_germanywestcentral_prod-s01-010-eur-germanywestcentral;migrationStage=NotStarted}
{"logTime": "0424/233635", "correlationVector":"Dl4ov+xs91mLZC/TKTcnv0.1","action":"SyncServerConnectionManagerRequest", "result":"SYNC_SERVER_OK", "context":{"environment":"Prod_germanywestcentral_prod-s01-010-eur-germanywestcentral", "migrationStage":"NotStarted", "server":"akswtt00000000f"}}
{"logTime": "0424/233635", "correlationVector":"Dl4ov+xs91mLZC/TKTcnv0.2","action":"ProcessGetUpdates", "result":"Done", "context":{"dataType":"Encryption Keys", "deleted":"0", "process_failed_to_decrypt":"0", "process_pending_decryption":"0", "process_success":"1", "total":"1"}}
{"logTime": "0424/233635", "correlationVector":"o1akDIeC79O94M2SfdkB5E","action":"SyncServerConnectionManagerRequest", "result":"SYNC_SERVER_OK", "context":{"environment":"", "migrationStage":"", "server":""}}
{"logTime": "0424/233635", "correlationVector":"o1akDIeC79O94M2SfdkB5E.0","action":"EncryptionKeysFetcher.DownloadKeys:", "result":"Success", "context":Key count: 6, Last key timestamp: 2026-04-22T22:36:10Z}
{"logTime": "0424/233635", "correlationVector":"o1akDIeC79O94M2SfdkB5E.1","action":"EncryptionKeysManager::SetEncryptionKeys:", "result":"Success", "context":Key names[6]:[M0Y6+fPMRT868GEy1y1PhpAPTA3xhjSDSLQTPnYY9mmMyqWV0qHfF5MsSI50aZq0PlPCKKuBUPjJp0k4XP68NA==][GvfOp2JYRJe72vllVUp1ktS3WYZTPG2nPlcROqpN8j0SXMXBbAqIF/EL86Ck8IqZcatRH0rbk84VGpzykhH6Fg==][Dp3EhC2rte+vle5PRbi23atJ8SI7/VASTACvTcku5D5IGJblKdmVdHcT/MdDS5XFOEeuBIlUv57OOLPtxoIIYA==][zeKfLyi7i8UcGP1p1GwlLCy6Vs1/85QP4fPDpVLimen47t0HGRsCpKlsGWieFy1c2+OuBOkAcpdUiIzqj4PXvg==][H+nI5279IxL9pvQG/3ZD5s2oq3dAWm0+BeiMGJzeXo2GwlAyTZ/hITEJolpdW2Ekt5XBVlmiC9JgKMDc3g2pOw==][jqvTPxkCkVknpgER1l9HcbePutHc17mF6kO3y8I5WXzYXEk1cqSjmQcen6qt8zA6zlDJN9AspmgmdIIT2vBJSg==]}
{"logTime": "0424/233635", "correlationVector":"o1akDIeC79O94M2SfdkB5E.2","action":"EncryptionKeysManager::SetEncryptionKeysWithTimestamps:", "result":"Success", "context":Key timestamps[6]:[2022-10-26T12:39:27Z][2023-04-29T11:24:28Z][2023-11-01T10:38:17Z][2023-11-15T18:20:31Z][2024-06-22T10:06:18Z][2026-04-22T22:36:10Z]}
{"logTime": "0424/233635", "correlationVector":"Dl4ov+xs91mLZC/TKTcnv0","action":"Initial GetUpdates", "result":"", "context":Reason: NEW_CLIENT. cV=Dl4ov+xs91mLZC/TKTcnv0}
{"logTime": "0424/233635", "correlationVector":"Dl4ov+xs91mLZC/TKTcnv0.3","action":"GetUpdates Response", "result":"Success", "context":Received 1 update(s). cV=Dl4ov+xs91mLZC/TKTcnv0.0;server=akswtt00000000f;cloudType=Consumer;environment=Prod_germanywestcentral_prod-s01-010-eur-germanywestcentral;migrationStage=NotStarted}
{"logTime": "0424/233635", "correlationVector":"p5Rijk3GkdM3EPX6aw6SPc","action":"Initial GetUpdates", "result":"", "context":Reason: NEWLY_SUPPORTED_DATATYPE. cV=p5Rijk3GkdM3EPX6aw6SPc}
{"logTime": "0424/233636", "correlationVector":"p5Rijk3GkdM3EPX6aw6SPc.1","action":"SyncServerConnectionManagerRequest", "result":"SYNC_SERVER_OK", "context":{"environment":"Prod_germanywestcentral_prod-s01-011-eur-germanywestcentral", "migrationStage":"NotStarted", "server":"akswtt003000018"}}
{"logTime": "0424/233636", "correlationVector":"p5Rijk3GkdM3EPX6aw6SPc.2","action":"ProcessGetUpdates", "result":"Done", "context":{"dataType":"Passwords", "deleted":"0", "process_failed_to_decrypt":"0", "process_pending_decryption":"0", "process_success":"4", "total":"4"}}
{"logTime": "0424/233636", "correlationVector":"p5Rijk3GkdM3EPX6aw6SPc.3","action":"GetUpdates Response", "result":"Success", "context":Received 4 update(s). cV=p5Rijk3GkdM3EPX6aw6SPc.0;server=akswtt003000018;cloudType=Consumer;environment=Prod_germanywestcentral_prod-s01-011-eur-germanywestcentral;migrationStage=NotStarted}
{"logTime": "0424/233636", "correlationVector":"lzrGBGp8M24MD3eY169MXr","action":"Normal GetUpdate request", "result":"", "context":cV=lzrGBGp8M24MD3eY169MXr
Nudged types: Sessions, Device Info, History
Refresh requested types: Bookmarks, Preferences, Passwords, Autofill Profiles, Autofill, Extensions, Sessions, Extension settings, History Delete Directives, Device Info, User Consents, Send Tab To Self, Web Apps, History, Saved Tab Group, WebAuthn Credentials, Collection, Edge E Drop, Edge Hub App Usage, Edge Wallet, Edge Workspace, Encryption Keys}
{"logTime": "0424/233636", "correlationVector":"lzrGBGp8M24MD3eY169MXr.1","action":"SyncServerConnectionManagerRequest", "result":"SYNC_SERVER_OK", "context":{"environment":"Prod_germanywestcentral_prod-s01-011-eur-germanywestcentral", "migrationStage":"NotStarted", "server":"akswtt00300001f"}}
{"logTime": "0424/233636", "correlationVector":"lzrGBGp8M24MD3eY169MXr.2","action":"ProcessGetUpdates", "result":"Done", "context":{"dataType":"Sessions", "deleted":"0", "process_failed_to_decrypt":"0", "process_pending_decryption":"0", "process_success":"2", "total":"2"}}
{"logTime": "0424/233636", "correlationVector":"lzrGBGp8M24MD3eY169MXr.3","action":"ProcessGetUpdates", "result":"Done", "context":{"dataType":"Device Info", "deleted":"0", "process_failed_to_decrypt":"0", "process_pending_decryption":"0", "process_success":"1", "total":"1"}}
{"logTime": "0424/233636", "correlationVector":"lzrGBGp8M24MD3eY169MXr.4","action":"ProcessGetUpdates", "result":"Done", "context":{"dataType":"History", "deleted":"0", "process_failed_to_decrypt":"0", "process_pending_decryption":"0", "process_success":"1", "total":"1"}}
{"logTime": "0424/233636", "correlationVector":"lzrGBGp8M24MD3eY169MXr.5","action":"GetUpdates Response", "result":"Success", "context":Received 4 update(s). cV=lzrGBGp8M24MD3eY169MXr.0;server=akswtt00300001f;cloudType=Consumer;environment=Prod_germanywestcentral_prod-s01-011-eur-germanywestcentral;migrationStage=NotStarted}
{"logTime": "0424/233636", "correlationVector":"7dR0bAC0PZREcs6wNLLuVv","action":"Commit Request", "result":"", "context":Item count: 5
Contributing types: Sessions, Device Info, History}
{"logTime": "0424/233636", "correlationVector":"7dR0bAC0PZREcs6wNLLuVv.1","action":"SyncServerConnectionManagerRequest", "result":"SYNC_SERVER_OK", "context":{"environment":"Prod_germanywestcentral_prod-s01-011-eur-germanywestcentral", "migrationStage":"NotStarted", "server":"akswtt00300001j"}}
{"logTime": "0424/233636", "correlationVector":"7dR0bAC0PZREcs6wNLLuVv.2","action":"Commit Response", "result":"Success", "context":Result: Success. cV=7dR0bAC0PZREcs6wNLLuVv.0;server=akswtt00300001j;cloudType=Consumer;environment=Prod_germanywestcentral_prod-s01-011-eur-germanywestcentral;migrationStage=NotStarted}
{"logTime": "0424/233743", "correlationVector":"vjN2uTNIeeAzzdvO97rYHi","action":"Commit Request", "result":"", "context":Item count: 2
Contributing types: Sessions, History}
{"logTime": "0424/233743", "correlationVector":"vjN2uTNIeeAzzdvO97rYHi.1","action":"SyncServerConnectionManagerRequest", "result":"SYNC_SERVER_OK", "context":{"environment":"Prod_germanywestcentral_prod-s01-011-eur-germanywestcentral", "migrationStage":"NotStarted", "server":"akswtt00300000w"}}
{"logTime": "0424/233743", "correlationVector":"vjN2uTNIeeAzzdvO97rYHi.2","action":"Commit Response", "result":"Success", "context":Result: Success. cV=vjN2uTNIeeAzzdvO97rYHi.0;server=akswtt00300000w;cloudType=Consumer;environment=Prod_germanywestcentral_prod-s01-011-eur-germanywestcentral;migrationStage=NotStarted}
{"logTime": "0424/235203", "correlationVector":"ts/5+EreBlUq055i0p/fV8","action":"Commit Request", "result":"", "context":Item count: 1
Contributing types: Sessions}
{"logTime": "0424/235203", "correlationVector":"ts/5+EreBlUq055i0p/fV8.1","action":"SyncServerConnectionManagerRequest", "result":"SYNC_SERVER_OK", "context":{"environment":"Prod_germanywestcentral_prod-s01-010-eur-germanywestcentral", "migrationStage":"NotStarted", "server":"akswtt00000000j"}}
{"logTime": "0424/235203", "correlationVector":"ts/5+EreBlUq055i0p/fV8.2","action":"Commit Response", "result":"Success", "context":Result: Success. cV=ts/5+EreBlUq055i0p/fV8.0;server=akswtt00000000j;cloudType=Consumer;environment=Prod_germanywestcentral_prod-s01-010-eur-germanywestcentral;migrationStage=NotStarted}
{"logTime": "0425/003459", "correlationVector":"qceNvBpnM6WyrMlWYKP49M.1","action":"SyncServerConnectionManagerRequest", "result":"SYNC_SERVER_OK", "context":{"environment":"Prod_germanywestcentral_prod-s01-010-eur-germanywestcentral", "migrationStage":"NotStarted", "server":"akswtt000000006"}}
{"logTime": "0425/003459", "correlationVector":"qceNvBpnM6WyrMlWYKP49M.2","action":"ProcessGetUpdates", "result":"Done", "context":{"dataType":"Encryption Keys", "deleted":"0", "process_failed_to_decrypt":"0", "process_pending_decryption":"0", "process_success":"1", "total":"1"}}
{"logTime": "0425/003459", "correlationVector":"zn5rDn82lLo4P6SkgM191O","action":"SyncServerConnectionManagerRequest", "result":"SYNC_SERVER_OK", "context":{"environment":"", "migrationStage":"", "server":""}}
{"logTime": "0425/003459", "correlationVector":"zn5rDn82lLo4P6SkgM191O.0","action":"EncryptionKeysFetcher.DownloadKeys:", "result":"Success", "context":Key count: 6, Last key timestamp: 2026-04-22T22:36:10Z}
{"logTime": "0425/003459", "correlationVector":"zn5rDn82lLo4P6SkgM191O.1","action":"EncryptionKeysManager::SetEncryptionKeys:", "result":"Success", "context":Key names[6]:[M0Y6+fPMRT868GEy1y1PhpAPTA3xhjSDSLQTPnYY9mmMyqWV0qHfF5MsSI50aZq0PlPCKKuBUPjJp0k4XP68NA==][GvfOp2JYRJe72vllVUp1ktS3WYZTPG2nPlcROqpN8j0SXMXBbAqIF/EL86Ck8IqZcatRH0rbk84VGpzykhH6Fg==][Dp3EhC2rte+vle5PRbi23atJ8SI7/VASTACvTcku5D5IGJblKdmVdHcT/MdDS5XFOEeuBIlUv57OOLPtxoIIYA==][zeKfLyi7i8UcGP1p1GwlLCy6Vs1/85QP4fPDpVLimen47t0HGRsCpKlsGWieFy1c2+OuBOkAcpdUiIzqj4PXvg==][H+nI5279IxL9pvQG/3ZD5s2oq3dAWm0+BeiMGJzeXo2GwlAyTZ/hITEJolpdW2Ekt5XBVlmiC9JgKMDc3g2pOw==][jqvTPxkCkVknpgER1l9HcbePutHc17mF6kO3y8I5WXzYXEk1cqSjmQcen6qt8zA6zlDJN9AspmgmdIIT2vBJSg==]}
{"logTime": "0425/003459", "correlationVector":"zn5rDn82lLo4P6SkgM191O.2","action":"EncryptionKeysManager::SetEncryptionKeysWithTimestamps:", "result":"Success", "context":Key timestamps[6]:[2022-10-26T12:39:27Z][2023-04-29T11:24:28Z][2023-11-01T10:38:17Z][2023-11-15T18:20:31Z][2024-06-22T10:06:18Z][2026-04-22T22:36:10Z]}
{"logTime": "0425/003459", "correlationVector":"qceNvBpnM6WyrMlWYKP49M","action":"Initial GetUpdates", "result":"", "context":Reason: NEW_CLIENT. cV=qceNvBpnM6WyrMlWYKP49M}
{"logTime": "0425/003459", "correlationVector":"qceNvBpnM6WyrMlWYKP49M.3","action":"GetUpdates Response", "result":"Success", "context":Received 1 update(s). cV=qceNvBpnM6WyrMlWYKP49M.0;server=akswtt000000006;cloudType=Consumer;environment=Prod_germanywestcentral_prod-s01-010-eur-germanywestcentral;migrationStage=NotStarted}
{"logTime": "0425/003459", "correlationVector":"8xAfDzTSEQ1FNnukmMYjmG","action":"Initial GetUpdates", "result":"", "context":Reason: NEWLY_SUPPORTED_DATATYPE. cV=8xAfDzTSEQ1FNnukmMYjmG}
{"logTime": "0425/003500", "correlationVector":"8xAfDzTSEQ1FNnukmMYjmG.1","action":"SyncServerConnectionManagerRequest", "result":"SYNC_SERVER_OK", "context":{"environment":"Prod_germanywestcentral_prod-s01-010-eur-germanywestcentral", "migrationStage":"NotStarted", "server":"akswtt00000000i"}}
{"logTime": "0425/003500", "correlationVector":"8xAfDzTSEQ1FNnukmMYjmG.2","action":"ProcessGetUpdates", "result":"Done", "context":{"dataType":"Preferences", "deleted":"0", "process_failed_to_decrypt":"0", "process_pending_decryption":"0", "process_success":"47", "total":"47"}}
{"logTime": "0425/003500", "correlationVector":"8xAfDzTSEQ1FNnukmMYjmG.3","action":"ProcessGetUpdates", "result":"Done", "context":{"dataType":"Passwords", "deleted":"0", "process_failed_to_decrypt":"0", "process_pending_decryption":"0", "process_success":"4", "total":"4"}}
{"logTime": "0425/003500", "correlationVector":"8xAfDzTSEQ1FNnukmMYjmG.4","action":"ProcessGetUpdates", "result":"Done", "context":{"dataType":"Device Info", "deleted":"0", "process_failed_to_decrypt":"0", "process_pending_decryption":"0", "process_success":"7", "total":"7"}}
{"logTime": "0425/003500", "correlationVector":"8xAfDzTSEQ1FNnukmMYjmG.5","action":"GetUpdates Response", "result":"Success", "context":Received 58 update(s). cV=8xAfDzTSEQ1FNnukmMYjmG.0;server=akswtt00000000i;cloudType=Consumer;environment=Prod_germanywestcentral_prod-s01-010-eur-germanywestcentral;migrationStage=NotStarted}
{"logTime": "0425/003500", "correlationVector":"EnwadVvSk0UZp69YpHBs8E","action":"Initial GetUpdates", "result":"", "context":Reason: NEWLY_SUPPORTED_DATATYPE. cV=EnwadVvSk0UZp69YpHBs8E}
{"logTime": "0425/003500", "correlationVector":"EnwadVvSk0UZp69YpHBs8E.1","action":"SyncServerConnectionManagerRequest", "result":"SYNC_SERVER_OK", "context":{"environment":"Prod_germanywestcentral_prod-s01-011-eur-germanywestcentral", "migrationStage":"NotStarted", "server":"akswtt00300000y"}}
{"logTime": "0425/003500", "correlationVector":"EnwadVvSk0UZp69YpHBs8E.2","action":"ProcessGetUpdates", "result":"Done", "context":{"dataType":"Bookmarks", "deleted":"0", "process_failed_to_decrypt":"0", "process_pending_decryption":"0", "process_success":"6", "total":"6"}}
{"logTime": "0425/003500", "correlationVector":"EnwadVvSk0UZp69YpHBs8E.3","action":"GetUpdates Response", "result":"Success", "context":Received 6 update(s). cV=EnwadVvSk0UZp69YpHBs8E.0;server=akswtt00300000y;cloudType=Consumer;environment=Prod_germanywestcentral_prod-s01-011-eur-germanywestcentral;migrationStage=NotStarted}
{"logTime": "0425/003500", "correlationVector":"XTsyrwYVQbp+hSufOLVxT4","action":"Initial GetUpdates", "result":"", "context":Reason: NEWLY_SUPPORTED_DATATYPE. cV=XTsyrwYVQbp+hSufOLVxT4}
{"logTime": "0425/003500", "correlationVector":"XTsyrwYVQbp+hSufOLVxT4.1","action":"SyncServerConnectionManagerRequest", "result":"SYNC_SERVER_OK", "context":{"environment":"Prod_germanywestcentral_prod-s01-011-eur-germanywestcentral", "migrationStage":"NotStarted", "server":"akswtt00300001a"}}
{"logTime": "0425/003500", "correlationVector":"XTsyrwYVQbp+hSufOLVxT4.2","action":"ProcessGetUpdates", "result":"Done", "context":{"dataType":"Autofill Profiles", "deleted":"4", "process_failed_to_decrypt":"0", "process_pending_decryption":"0", "process_success":"4", "total":"4"}}
{"logTime": "0425/003500", "correlationVector":"XTsyrwYVQbp+hSufOLVxT4.3","action":"ProcessGetUpdates", "result":"Done", "context":{"dataType":"Autofill", "deleted":"0", "process_failed_to_decrypt":"0", "process_pending_decryption":"0", "process_success":"1", "total":"1"}}
{"logTime": "0425/003500", "correlationVector":"XTsyrwYVQbp+hSufOLVxT4.4","action":"ProcessGetUpdates", "result":"Done", "context":{"dataType":"Sessions", "deleted":"1", "process_failed_to_decrypt":"0", "process_pending_decryption":"0", "process_success":"12", "total":"12"}}
{"logTime": "0425/003500", "correlationVector":"XTsyrwYVQbp+hSufOLVxT4.5","action":"ProcessGetUpdates", "result":"Done", "context":{"dataType":"Edge Hub App Usage", "deleted":"0", "process_failed_to_decrypt":"0", "process_pending_decryption":"0", "process_success":"1", "total":"1"}}
{"logTime": "0425/003500", "correlationVector":"XTsyrwYVQbp+hSufOLVxT4.6","action":"GetUpdates Response", "result":"Success", "context":Received 18 update(s). cV=XTsyrwYVQbp+hSufOLVxT4.0;server=akswtt00300001a;cloudType=Consumer;environment=Prod_germanywestcentral_prod-s01-011-eur-germanywestcentral;migrationStage=NotStarted}
{"logTime": "0425/003500", "correlationVector":"fREK16ml5U5nx+fxbCjbxp","action":"Initial GetUpdates", "result":"", "context":Reason: NEWLY_SUPPORTED_DATATYPE. cV=fREK16ml5U5nx+fxbCjbxp}
{"logTime": "0425/003500", "correlationVector":"fREK16ml5U5nx+fxbCjbxp.1","action":"SyncServerConnectionManagerRequest", "result":"SYNC_SERVER_OK", "context":{"environment":"Prod_germanywestcentral_prod-s01-011-eur-germanywestcentral", "migrationStage":"NotStarted", "server":"akswtt003000017"}}
{"logTime": "0425/003500", "correlationVector":"fREK16ml5U5nx+fxbCjbxp.2","action":"ProcessGetUpdates", "result":"Done", "context":{"dataType":"History", "deleted":"0", "process_failed_to_decrypt":"0", "process_pending_decryption":"0", "process_success":"28", "total":"28"}}
{"logTime": "0425/003500", "correlationVector":"fREK16ml5U5nx+fxbCjbxp.3","action":"GetUpdates Response", "result":"Success", "context":Received 28 update(s). cV=fREK16ml5U5nx+fxbCjbxp.0;server=akswtt003000017;cloudType=Consumer;environment=Prod_germanywestcentral_prod-s01-011-eur-germanywestcentral;migrationStage=NotStarted}
{"logTime": "0425/003500", "correlationVector":"i2qlXHb+Bz4XbHzVz+ekjj","action":"Normal GetUpdate request", "result":"", "context":cV=i2qlXHb+Bz4XbHzVz+ekjj
Nudged types: Sessions, Device Info
Refresh requested types: Bookmarks, Preferences, Passwords, Autofill Profiles, Autofill, Extensions, Sessions, Extension settings, History Delete Directives, Device Info, User Consents, Send Tab To Self, Web Apps, History, Saved Tab Group, WebAuthn Credentials, Collection, Edge E Drop, Edge Hub App Usage, Edge Wallet, Edge Workspace, Encryption Keys}
{"logTime": "0425/003500", "correlationVector":"i2qlXHb+Bz4XbHzVz+ekjj.1","action":"SyncServerConnectionManagerRequest", "result":"SYNC_SERVER_OK", "context":{"environment":"Prod_germanywestcentral_prod-s01-011-eur-germanywestcentral", "migrationStage":"NotStarted", "server":"akswtt00300000z"}}
{"logTime": "0425/003500", "correlationVector":"i2qlXHb+Bz4XbHzVz+ekjj.2","action":"GetUpdates Response", "result":"Success", "context":Received 0 update(s). cV=i2qlXHb+Bz4XbHzVz+ekjj.0;server=akswtt00300000z;cloudType=Consumer;environment=Prod_germanywestcentral_prod-s01-011-eur-germanywestcentral;migrationStage=NotStarted}
{"logTime": "0425/003500", "correlationVector":"qr6WGFhkRoni56w7K8gi9i","action":"Commit Request", "result":"", "context":Item count: 3
Contributing types: Sessions, Device Info}
{"logTime": "0425/003501", "correlationVector":"qr6WGFhkRoni56w7K8gi9i.1","action":"SyncServerConnectionManagerRequest", "result":"SYNC_SERVER_OK", "context":{"environment":"Prod_germanywestcentral_prod-s01-011-eur-germanywestcentral", "migrationStage":"NotStarted", "server":"akswtt00300000y"}}
{"logTime": "0425/003501", "correlationVector":"qr6WGFhkRoni56w7K8gi9i.2","action":"Commit Response", "result":"Success", "context":Result: Success. cV=qr6WGFhkRoni56w7K8gi9i.0;server=akswtt00300000y;cloudType=Consumer;environment=Prod_germanywestcentral_prod-s01-011-eur-germanywestcentral;migrationStage=NotStarted}
{"logTime": "0425/003605", "correlationVector":"pD2RwX08Dl3fbnExeuNrDa","action":"Commit Request", "result":"", "context":Item count: 2
Contributing types: Sessions, History}
{"logTime": "0425/003605", "correlationVector":"pD2RwX08Dl3fbnExeuNrDa.1","action":"SyncServerConnectionManagerRequest", "result":"SYNC_SERVER_OK", "context":{"environment":"Prod_germanywestcentral_prod-s01-011-eur-germanywestcentral", "migrationStage":"NotStarted", "server":"akswtt00300001d"}}
{"logTime": "0425/003605", "correlationVector":"pD2RwX08Dl3fbnExeuNrDa.2","action":"Commit Response", "result":"Success", "context":Result: Success. cV=pD2RwX08Dl3fbnExeuNrDa.0;server=akswtt00300001d;cloudType=Consumer;environment=Prod_germanywestcentral_prod-s01-011-eur-germanywestcentral;migrationStage=NotStarted}
{"logTime": "0425/010014", "correlationVector":"lufMbzAvKz2/LVkfyPVg9m.1","action":"SyncServerConnectionManagerRequest", "result":"SYNC_SERVER_OK", "context":{"environment":"Prod_germanywestcentral_prod-s01-011-eur-germanywestcentral", "migrationStage":"NotStarted", "server":"akswtt003000018"}}
{"logTime": "0425/010014", "correlationVector":"lufMbzAvKz2/LVkfyPVg9m.2","action":"ProcessGetUpdates", "result":"Done", "context":{"dataType":"Encryption Keys", "deleted":"0", "process_failed_to_decrypt":"0", "process_pending_decryption":"0", "process_success":"1", "total":"1"}}
{"logTime": "0425/010014", "correlationVector":"+FjcEfJTLeW+9tRNQX363i","action":"SyncServerConnectionManagerRequest", "result":"SYNC_SERVER_OK", "context":{"environment":"", "migrationStage":"", "server":""}}
{"logTime": "0425/010014", "correlationVector":"+FjcEfJTLeW+9tRNQX363i.0","action":"EncryptionKeysFetcher.DownloadKeys:", "result":"Success", "context":Key count: 6, Last key timestamp: 2026-04-22T22:36:10Z}
{"logTime": "0425/010014", "correlationVector":"+FjcEfJTLeW+9tRNQX363i.1","action":"EncryptionKeysManager::SetEncryptionKeys:", "result":"Success", "context":Key names[6]:[M0Y6+fPMRT868GEy1y1PhpAPTA3xhjSDSLQTPnYY9mmMyqWV0qHfF5MsSI50aZq0PlPCKKuBUPjJp0k4XP68NA==][GvfOp2JYRJe72vllVUp1ktS3WYZTPG2nPlcROqpN8j0SXMXBbAqIF/EL86Ck8IqZcatRH0rbk84VGpzykhH6Fg==][Dp3EhC2rte+vle5PRbi23atJ8SI7/VASTACvTcku5D5IGJblKdmVdHcT/MdDS5XFOEeuBIlUv57OOLPtxoIIYA==][zeKfLyi7i8UcGP1p1GwlLCy6Vs1/85QP4fPDpVLimen47t0HGRsCpKlsGWieFy1c2+OuBOkAcpdUiIzqj4PXvg==][H+nI5279IxL9pvQG/3ZD5s2oq3dAWm0+BeiMGJzeXo2GwlAyTZ/hITEJolpdW2Ekt5XBVlmiC9JgKMDc3g2pOw==][jqvTPxkCkVknpgER1l9HcbePutHc17mF6kO3y8I5WXzYXEk1cqSjmQcen6qt8zA6zlDJN9AspmgmdIIT2vBJSg==]}
{"logTime": "0425/010014", "correlationVector":"+FjcEfJTLeW+9tRNQX363i.2","action":"EncryptionKeysManager::SetEncryptionKeysWithTimestamps:", "result":"Success", "context":Key timestamps[6]:[2022-10-26T12:39:27Z][2023-04-29T11:24:28Z][2023-11-01T10:38:17Z][2023-11-15T18:20:31Z][2024-06-22T10:06:18Z][2026-04-22T22:36:10Z]}
{"logTime": "0425/010014", "correlationVector":"lufMbzAvKz2/LVkfyPVg9m","action":"Initial GetUpdates", "result":"", "context":Reason: NEW_CLIENT. cV=lufMbzAvKz2/LVkfyPVg9m}
{"logTime": "0425/010014", "correlationVector":"lufMbzAvKz2/LVkfyPVg9m.3","action":"GetUpdates Response", "result":"Success", "context":Received 1 update(s). cV=lufMbzAvKz2/LVkfyPVg9m.0;server=akswtt003000018;cloudType=Consumer;environment=Prod_germanywestcentral_prod-s01-011-eur-germanywestcentral;migrationStage=NotStarted}
{"logTime": "0425/010014", "correlationVector":"eIQY3j4Y8htPz8888JHcA9","action":"Initial GetUpdates", "result":"", "context":Reason: NEWLY_SUPPORTED_DATATYPE. cV=eIQY3j4Y8htPz8888JHcA9}
{"logTime": "0425/010015", "correlationVector":"eIQY3j4Y8htPz8888JHcA9.1","action":"SyncServerConnectionManagerRequest", "result":"SYNC_SERVER_OK", "context":{"environment":"Prod_germanywestcentral_prod-s01-010-eur-germanywestcentral", "migrationStage":"NotStarted", "server":"akswtt000000004"}}
{"logTime": "0425/010015", "correlationVector":"eIQY3j4Y8htPz8888JHcA9.2","action":"ProcessGetUpdates", "result":"Done", "context":{"dataType":"Passwords", "deleted":"0", "process_failed_to_decrypt":"0", "process_pending_decryption":"0", "process_success":"4", "total":"4"}}
{"logTime": "0425/010015", "correlationVector":"eIQY3j4Y8htPz8888JHcA9.3","action":"GetUpdates Response", "result":"Success", "context":Received 4 update(s). cV=eIQY3j4Y8htPz8888JHcA9.0;server=akswtt000000004;cloudType=Consumer;environment=Prod_germanywestcentral_prod-s01-010-eur-germanywestcentral;migrationStage=NotStarted}
{"logTime": "0425/010015", "correlationVector":"dAhDkJ91dT9sMb/yjzXKk2","action":"Normal GetUpdate request", "result":"", "context":cV=dAhDkJ91dT9sMb/yjzXKk2
Nudged types: Sessions, Device Info, History
Refresh requested types: Bookmarks, Preferences, Passwords, Autofill Profiles, Autofill, Extensions, Sessions, Extension settings, History Delete Directives, Device Info, User Consents, Send Tab To Self, Web Apps, History, Saved Tab Group, WebAuthn Credentials, Collection, Edge E Drop, Edge Hub App Usage, Edge Wallet, Edge Workspace, Encryption Keys}
{"logTime": "0425/010015", "correlationVector":"dAhDkJ91dT9sMb/yjzXKk2.1","action":"SyncServerConnectionManagerRequest", "result":"SYNC_SERVER_OK", "context":{"environment":"Prod_germanywestcentral_prod-s01-010-eur-germanywestcentral", "migrationStage":"NotStarted", "server":"akswtt00000000h"}}
{"logTime": "0425/010015", "correlationVector":"dAhDkJ91dT9sMb/yjzXKk2.2","action":"ProcessGetUpdates", "result":"Done", "context":{"dataType":"Sessions", "deleted":"0", "process_failed_to_decrypt":"0", "process_pending_decryption":"0", "process_success":"2", "total":"2"}}
{"logTime": "0425/010015", "correlationVector":"dAhDkJ91dT9sMb/yjzXKk2.3","action":"ProcessGetUpdates", "result":"Done", "context":{"dataType":"Device Info", "deleted":"0", "process_failed_to_decrypt":"0", "process_pending_decryption":"0", "process_success":"1", "total":"1"}}
{"logTime": "0425/010015", "correlationVector":"dAhDkJ91dT9sMb/yjzXKk2.4","action":"ProcessGetUpdates", "result":"Done", "context":{"dataType":"History", "deleted":"0", "process_failed_to_decrypt":"0", "process_pending_decryption":"0", "process_success":"1", "total":"1"}}
{"logTime": "0425/010015", "correlationVector":"dAhDkJ91dT9sMb/yjzXKk2.5","action":"GetUpdates Response", "result":"Success", "context":Received 4 update(s). cV=dAhDkJ91dT9sMb/yjzXKk2.0;server=akswtt00000000h;cloudType=Consumer;environment=Prod_germanywestcentral_prod-s01-010-eur-germanywestcentral;migrationStage=NotStarted}
{"logTime": "0425/010015", "correlationVector":"7xyzsnPiARDklIq71oz3E9","action":"Commit Request", "result":"", "context":Item count: 5
Contributing types: Sessions, Device Info, History}
{"logTime": "0425/010016", "correlationVector":"7xyzsnPiARDklIq71oz3E9.1","action":"SyncServerConnectionManagerRequest", "result":"SYNC_SERVER_OK", "context":{"environment":"Prod_germanywestcentral_prod-s01-010-eur-germanywestcentral", "migrationStage":"NotStarted", "server":"akswtt00000000a"}}
{"logTime": "0425/010016", "correlationVector":"7xyzsnPiARDklIq71oz3E9.2","action":"Commit Response", "result":"Success", "context":Result: Success. cV=7xyzsnPiARDklIq71oz3E9.0;server=akswtt00000000a;cloudType=Consumer;environment=Prod_germanywestcentral_prod-s01-010-eur-germanywestcentral;migrationStage=NotStarted}
{"logTime": "0425/010120", "correlationVector":"F65bA9Y+3XEMPLDVocuazx","action":"Commit Request", "result":"", "context":Item count: 2
Contributing types: Sessions, History}
{"logTime": "0425/010121", "correlationVector":"F65bA9Y+3XEMPLDVocuazx.1","action":"SyncServerConnectionManagerRequest", "result":"SYNC_SERVER_OK", "context":{"environment":"Prod_germanywestcentral_prod-s01-010-eur-germanywestcentral", "migrationStage":"NotStarted", "server":"akswtt00000000k"}}
{"logTime": "0425/010121", "correlationVector":"F65bA9Y+3XEMPLDVocuazx.2","action":"Commit Response", "result":"Success", "context":Result: Success. cV=F65bA9Y+3XEMPLDVocuazx.0;server=akswtt00000000k;cloudType=Consumer;environment=Prod_germanywestcentral_prod-s01-010-eur-germanywestcentral;migrationStage=NotStarted}
{"logTime": "0425/010500", "correlationVector":"WLbSrQn4mSqdPYgozYmwze.1","action":"SyncServerConnectionManagerRequest", "result":"SYNC_SERVER_OK", "context":{"environment":"Prod_germanywestcentral_prod-s01-011-eur-germanywestcentral", "migrationStage":"NotStarted", "server":"akswtt00300001j"}}
{"logTime": "0425/010500", "correlationVector":"WLbSrQn4mSqdPYgozYmwze.2","action":"ProcessGetUpdates", "result":"Done", "context":{"dataType":"Encryption Keys", "deleted":"0", "process_failed_to_decrypt":"0", "process_pending_decryption":"0", "process_success":"1", "total":"1"}}
{"logTime": "0425/010500", "correlationVector":"J1AvkMFRpP/5W7Xz4byTMC","action":"SyncServerConnectionManagerRequest", "result":"SYNC_SERVER_ERROR", "context":{"environment":"", "error_type":"http_status_code", "error_value":"400", "migrationStage":"", "server":""}}
{"logTime": "0425/010500", "correlationVector":"WLbSrQn4mSqdPYgozYmwze","action":"Initial GetUpdates", "result":"", "context":Reason: NEW_CLIENT. cV=WLbSrQn4mSqdPYgozYmwze}
{"logTime": "0425/010500", "correlationVector":"WLbSrQn4mSqdPYgozYmwze.3","action":"GetUpdates Response", "result":"Success", "context":Received 1 update(s). cV=WLbSrQn4mSqdPYgozYmwze.0;server=akswtt00300001j;cloudType=Consumer;environment=Prod_germanywestcentral_prod-s01-011-eur-germanywestcentral;migrationStage=NotStarted}
{"logTime": "0425/010500", "correlationVector":"5kBtnZq4UzvfkJXcfrCCMs","action":"Initial GetUpdates", "result":"", "context":Reason: NEWLY_SUPPORTED_DATATYPE. cV=5kBtnZq4UzvfkJXcfrCCMs}
{"logTime": "0425/010500", "correlationVector":"5kBtnZq4UzvfkJXcfrCCMs.1","action":"SyncServerConnectionManagerRequest", "result":"SYNC_SERVER_OK", "context":{"environment":"Prod_germanywestcentral_prod-s01-011-eur-germanywestcentral", "migrationStage":"NotStarted", "server":"akswtt00300000v"}}
{"logTime": "0425/010500", "correlationVector":"5kBtnZq4UzvfkJXcfrCCMs.2","action":"ProcessGetUpdates", "result":"Done", "context":{"dataType":"Preferences", "deleted":"0", "process_failed_to_decrypt":"0", "process_pending_decryption":"0", "process_success":"47", "total":"47"}}
{"logTime": "0425/010500", "correlationVector":"5kBtnZq4UzvfkJXcfrCCMs.3","action":"ProcessGetUpdates", "result":"Done", "context":{"dataType":"Device Info", "deleted":"0", "process_failed_to_decrypt":"0", "process_pending_decryption":"0", "process_success":"7", "total":"7"}}
{"logTime": "0425/010500", "correlationVector":"5kBtnZq4UzvfkJXcfrCCMs.4","action":"GetUpdates Response", "result":"Success", "context":Received 54 update(s). cV=5kBtnZq4UzvfkJXcfrCCMs.0;server=akswtt00300000v;cloudType=Consumer;environment=Prod_germanywestcentral_prod-s01-011-eur-germanywestcentral;migrationStage=NotStarted}
{"logTime": "0425/010500", "correlationVector":"T4CyojJoMJbBQCC9X+vkBH","action":"SyncServerConnectionManagerRequest", "result":"SYNC_SERVER_ERROR", "context":{"environment":"", "error_type":"http_status_code", "error_value":"400", "migrationStage":"", "server":""}}
{"logTime": "0425/010500", "correlationVector":"rpapX4sl+qeknCl76tXySS","action":"Initial GetUpdates", "result":"", "context":Reason: NEWLY_SUPPORTED_DATATYPE. cV=rpapX4sl+qeknCl76tXySS}
{"logTime": "0425/010500", "correlationVector":"rpapX4sl+qeknCl76tXySS.1","action":"SyncServerConnectionManagerRequest", "result":"SYNC_SERVER_OK", "context":{"environment":"Prod_germanywestcentral_prod-s01-011-eur-germanywestcentral", "migrationStage":"NotStarted", "server":"akswtt00300000y"}}
{"logTime": "0425/010500", "correlationVector":"rpapX4sl+qeknCl76tXySS.2","action":"ProcessGetUpdates", "result":"Done", "context":{"dataType":"Bookmarks", "deleted":"0", "process_failed_to_decrypt":"0", "process_pending_decryption":"0", "process_success":"6", "total":"6"}}
{"logTime": "0425/010500", "correlationVector":"rpapX4sl+qeknCl76tXySS.3","action":"GetUpdates Response", "result":"Success", "context":Received 6 update(s). cV=rpapX4sl+qeknCl76tXySS.0;server=akswtt00300000y;cloudType=Consumer;environment=Prod_germanywestcentral_prod-s01-011-eur-germanywestcentral;migrationStage=NotStarted}
{"logTime": "0425/010501", "correlationVector":"kHOeJ+/0uXEQM/yvMAnx3o","action":"SyncServerConnectionManagerRequest", "result":"SYNC_SERVER_ERROR", "context":{"environment":"", "error_type":"http_status_code", "error_value":"400", "migrationStage":"", "server":""}}
{"logTime": "0425/010501", "correlationVector":"ttaBD7CnpuhE91sRsQpUlo","action":"Initial GetUpdates", "result":"", "context":Reason: NEWLY_SUPPORTED_DATATYPE. cV=ttaBD7CnpuhE91sRsQpUlo}
{"logTime": "0425/010501", "correlationVector":"ttaBD7CnpuhE91sRsQpUlo.1","action":"SyncServerConnectionManagerRequest", "result":"SYNC_SERVER_OK", "context":{"environment":"Prod_germanywestcentral_prod-s01-010-eur-germanywestcentral", "migrationStage":"NotStarted", "server":"akswtt00000000n"}}
{"logTime": "0425/010501", "correlationVector":"ttaBD7CnpuhE91sRsQpUlo.2","action":"ProcessGetUpdates", "result":"Done", "context":{"dataType":"Sessions", "deleted":"1", "process_failed_to_decrypt":"0", "process_pending_decryption":"0", "process_success":"12", "total":"12"}}
{"logTime": "0425/010501", "correlationVector":"ttaBD7CnpuhE91sRsQpUlo.3","action":"ProcessGetUpdates", "result":"Done", "context":{"dataType":"Edge Hub App Usage", "deleted":"0", "process_failed_to_decrypt":"0", "process_pending_decryption":"0", "process_success":"1", "total":"1"}}
{"logTime": "0425/010501", "correlationVector":"ttaBD7CnpuhE91sRsQpUlo.4","action":"GetUpdates Response", "result":"Success", "context":Received 13 update(s). cV=ttaBD7CnpuhE91sRsQpUlo.0;server=akswtt00000000n;cloudType=Consumer;environment=Prod_germanywestcentral_prod-s01-010-eur-germanywestcentral;migrationStage=NotStarted}
{"logTime": "0425/010501", "correlationVector":"DLIhmwgKvJsh84w0sTeZmE","action":"SyncServerConnectionManagerRequest", "result":"SYNC_SERVER_ERROR", "context":{"environment":"", "error_type":"http_status_code", "error_value":"400", "migrationStage":"", "server":""}}
{"logTime": "0425/010501", "correlationVector":"tpwQC8NGdSQMXc4quaioks","action":"Initial GetUpdates", "result":"", "context":Reason: NEWLY_SUPPORTED_DATATYPE. cV=tpwQC8NGdSQMXc4quaioks}
{"logTime": "0425/010501", "correlationVector":"tpwQC8NGdSQMXc4quaioks.1","action":"SyncServerConnectionManagerRequest", "result":"SYNC_SERVER_OK", "context":{"environment":"Prod_germanywestcentral_prod-s01-010-eur-germanywestcentral", "migrationStage":"NotStarted", "server":"akswtt00000000n"}}
{"logTime": "0425/010501", "correlationVector":"tpwQC8NGdSQMXc4quaioks.2","action":"ProcessGetUpdates", "result":"Done", "context":{"dataType":"History", "deleted":"0", "process_failed_to_decrypt":"0", "process_pending_decryption":"0", "process_success":"30", "total":"30"}}
{"logTime": "0425/010501", "correlationVector":"tpwQC8NGdSQMXc4quaioks.3","action":"GetUpdates Response", "result":"Success", "context":Received 30 update(s). cV=tpwQC8NGdSQMXc4quaioks.0;server=akswtt00000000n;cloudType=Consumer;environment=Prod_germanywestcentral_prod-s01-010-eur-germanywestcentral;migrationStage=NotStarted}
{"logTime": "0425/010501", "correlationVector":"lTGaW/INKZco6tXoVn79zE","action":"Normal GetUpdate request", "result":"", "context":cV=lTGaW/INKZco6tXoVn79zE
Nudged types: Sessions, Device Info
Refresh requested types: Bookmarks, Preferences, Extensions, Sessions, Extension settings, History Delete Directives, Device Info, User Consents, Send Tab To Self, Web Apps, History, Saved Tab Group, WebAuthn Credentials, Collection, Edge E Drop, Edge Hub App Usage, Edge Wallet, Edge Workspace, Encryption Keys}
{"logTime": "0425/010501", "correlationVector":"lTGaW/INKZco6tXoVn79zE.1","action":"SyncServerConnectionManagerRequest", "result":"SYNC_SERVER_OK", "context":{"environment":"Prod_germanywestcentral_prod-s01-010-eur-germanywestcentral", "migrationStage":"NotStarted", "server":"akswtt000000007"}}
{"logTime": "0425/010501", "correlationVector":"lTGaW/INKZco6tXoVn79zE.2","action":"GetUpdates Response", "result":"Success", "context":Received 0 update(s). cV=lTGaW/INKZco6tXoVn79zE.0;server=akswtt000000007;cloudType=Consumer;environment=Prod_germanywestcentral_prod-s01-010-eur-germanywestcentral;migrationStage=NotStarted}
{"logTime": "0425/010501", "correlationVector":"MIqTsS8t1C6638ZWNmcOKQ","action":"Commit Request", "result":"", "context":Item count: 3
Contributing types: Sessions, Device Info}
{"logTime": "0425/010501", "correlationVector":"MIqTsS8t1C6638ZWNmcOKQ.1","action":"SyncServerConnectionManagerRequest", "result":"SYNC_SERVER_OK", "context":{"environment":"Prod_germanywestcentral_prod-s01-010-eur-germanywestcentral", "migrationStage":"NotStarted", "server":"akswtt000000006"}}
{"logTime": "0425/010501", "correlationVector":"MIqTsS8t1C6638ZWNmcOKQ.2","action":"Commit Response", "result":"Success", "context":Result: Success. cV=MIqTsS8t1C6638ZWNmcOKQ.0;server=akswtt000000006;cloudType=Consumer;environment=Prod_germanywestcentral_prod-s01-010-eur-germanywestcentral;migrationStage=NotStarted}
{"logTime": "0425/010503", "correlationVector":"9xjZ38JfctipdyyzBsEHHp","action":"Normal GetUpdate request", "result":"", "context":cV=9xjZ38JfctipdyyzBsEHHp
Refresh requested types: Encryption Keys}
{"logTime": "0425/010503", "correlationVector":"9xjZ38JfctipdyyzBsEHHp.1","action":"SyncServerConnectionManagerRequest", "result":"SYNC_SERVER_OK", "context":{"environment":"Prod_germanywestcentral_prod-s01-010-eur-germanywestcentral", "migrationStage":"NotStarted", "server":"akswtt00000000j"}}
{"logTime": "0425/010503", "correlationVector":"9xjZ38JfctipdyyzBsEHHp.2","action":"ProcessGetUpdates", "result":"Done", "context":{"dataType":"Sessions", "deleted":"0", "process_failed_to_decrypt":"0", "process_pending_decryption":"0", "process_success":"2", "total":"2"}}
{"logTime": "0425/010503", "correlationVector":"9xjZ38JfctipdyyzBsEHHp.3","action":"ProcessGetUpdates", "result":"Done", "context":{"dataType":"Device Info", "deleted":"0", "process_failed_to_decrypt":"0", "process_pending_decryption":"0", "process_success":"1", "total":"1"}}
{"logTime": "0425/010503", "correlationVector":"9xjZ38JfctipdyyzBsEHHp.4","action":"GetUpdates Response", "result":"Success", "context":Received 3 update(s). cV=9xjZ38JfctipdyyzBsEHHp.0;server=akswtt00000000j;cloudType=Consumer;environment=Prod_germanywestcentral_prod-s01-010-eur-germanywestcentral;migrationStage=NotStarted}
{"logTime": "0425/010503", "correlationVector":"qj3tn1mslUc/79jP3EV3mr","action":"SyncServerConnectionManagerRequest", "result":"SYNC_SERVER_ERROR", "context":{"environment":"", "error_type":"http_status_code", "error_value":"400", "migrationStage":"", "server":""}}
{"logTime": "0425/010507", "correlationVector":"OwJn81xYEBEH/P723HJqEI","action":"Normal GetUpdate request", "result":"", "context":cV=OwJn81xYEBEH/P723HJqEI
Nudged types: Sessions, History
Refresh requested types: Encryption Keys}
{"logTime": "0425/010507", "correlationVector":"OwJn81xYEBEH/P723HJqEI.1","action":"SyncServerConnectionManagerRequest", "result":"SYNC_SERVER_OK", "context":{"environment":"Prod_germanywestcentral_prod-s01-010-eur-germanywestcentral", "migrationStage":"NotStarted", "server":"akswtt000000000"}}
{"logTime": "0425/010507", "correlationVector":"OwJn81xYEBEH/P723HJqEI.2","action":"GetUpdates Response", "result":"Success", "context":Received 0 update(s). cV=OwJn81xYEBEH/P723HJqEI.0;server=akswtt000000000;cloudType=Consumer;environment=Prod_germanywestcentral_prod-s01-010-eur-germanywestcentral;migrationStage=NotStarted}
{"logTime": "0425/010507", "correlationVector":"gqx1D+dJUreRNP6qUULo7w","action":"Commit Request", "result":"", "context":Item count: 2
Contributing types: Sessions, History}
{"logTime": "0425/010507", "correlationVector":"gqx1D+dJUreRNP6qUULo7w.1","action":"SyncServerConnectionManagerRequest", "result":"SYNC_SERVER_OK", "context":{"environment":"Prod_germanywestcentral_prod-s01-010-eur-germanywestcentral", "migrationStage":"NotStarted", "server":"akswtt000000001"}}
{"logTime": "0425/010507", "correlationVector":"gqx1D+dJUreRNP6qUULo7w.2","action":"Commit Response", "result":"Success", "context":Result: Success. cV=gqx1D+dJUreRNP6qUULo7w.0;server=akswtt000000001;cloudType=Consumer;environment=Prod_germanywestcentral_prod-s01-010-eur-germanywestcentral;migrationStage=NotStarted}
{"logTime": "0425/010508", "correlationVector":"Y/p2K9SUPVx7bEbJEUhtEN","action":"SyncServerConnectionManagerRequest", "result":"SYNC_SERVER_ERROR", "context":{"environment":"", "error_type":"http_status_code", "error_value":"400", "migrationStage":"", "server":""}}
{"logTime": "0425/010515", "correlationVector":"V/SP3eCMO67TyQsMf2h03w","action":"Normal GetUpdate request", "result":"", "context":cV=V/SP3eCMO67TyQsMf2h03w
Nudged types: Sessions, History
Refresh requested types: Encryption Keys}
{"logTime": "0425/010516", "correlationVector":"V/SP3eCMO67TyQsMf2h03w.1","action":"SyncServerConnectionManagerRequest", "result":"SYNC_SERVER_OK", "context":{"environment":"Prod_germanywestcentral_prod-s01-010-eur-germanywestcentral", "migrationStage":"NotStarted", "server":"akswtt000000001"}}
{"logTime": "0425/010516", "correlationVector":"V/SP3eCMO67TyQsMf2h03w.2","action":"ProcessGetUpdates", "result":"Done", "context":{"dataType":"Sessions", "deleted":"0", "process_failed_to_decrypt":"0", "process_pending_decryption":"0", "process_success":"1", "total":"1"}}
{"logTime": "0425/010516", "correlationVector":"V/SP3eCMO67TyQsMf2h03w.3","action":"ProcessGetUpdates", "result":"Done", "context":{"dataType":"History", "deleted":"0", "process_failed_to_decrypt":"0", "process_pending_decryption":"0", "process_success":"1", "total":"1"}}
{"logTime": "0425/010516", "correlationVector":"V/SP3eCMO67TyQsMf2h03w.4","action":"GetUpdates Response", "result":"Success", "context":Received 2 update(s). cV=V/SP3eCMO67TyQsMf2h03w.0;server=akswtt000000001;cloudType=Consumer;environment=Prod_germanywestcentral_prod-s01-010-eur-germanywestcentral;migrationStage=NotStarted}
{"logTime": "0425/010516", "correlationVector":"AxhKdR7Lhd7irR4rK3EDOP","action":"Commit Request", "result":"", "context":Item count: 2
Contributing types: Sessions, History}
{"logTime": "0425/010516", "correlationVector":"AxhKdR7Lhd7irR4rK3EDOP.1","action":"SyncServerConnectionManagerRequest", "result":"SYNC_SERVER_OK", "context":{"environment":"Prod_germanywestcentral_prod-s01-010-eur-germanywestcentral", "migrationStage":"NotStarted", "server":"akswtt00000000d"}}
{"logTime": "0425/010516", "correlationVector":"AxhKdR7Lhd7irR4rK3EDOP.2","action":"Commit Response", "result":"Success", "context":Result: Success. cV=AxhKdR7Lhd7irR4rK3EDOP.0;server=akswtt00000000d;cloudType=Consumer;environment=Prod_germanywestcentral_prod-s01-010-eur-germanywestcentral;migrationStage=NotStarted}
{"logTime": "0425/010516", "correlationVector":"7KwTsvCpnv2fEY1/5d27Nl","action":"SyncServerConnectionManagerRequest", "result":"SYNC_SERVER_ERROR", "context":{"environment":"", "error_type":"http_status_code", "error_value":"400", "migrationStage":"", "server":""}}
{"logTime": "0425/010532", "correlationVector":"B9ctVFFl3kTOOJZqE1vSHm","action":"Normal GetUpdate request", "result":"", "context":cV=B9ctVFFl3kTOOJZqE1vSHm
Nudged types: Sessions, History
Refresh requested types: Encryption Keys}
{"logTime": "0425/010532", "correlationVector":"B9ctVFFl3kTOOJZqE1vSHm.1","action":"SyncServerConnectionManagerRequest", "result":"SYNC_SERVER_OK", "context":{"environment":"Prod_germanywestcentral_prod-s01-010-eur-germanywestcentral", "migrationStage":"NotStarted", "server":"akswtt00000000d"}}
{"logTime": "0425/010532", "correlationVector":"B9ctVFFl3kTOOJZqE1vSHm.2","action":"ProcessGetUpdates", "result":"Done", "context":{"dataType":"Sessions", "deleted":"0", "process_failed_to_decrypt":"0", "process_pending_decryption":"0", "process_success":"1", "total":"1"}}
{"logTime": "0425/010532", "correlationVector":"B9ctVFFl3kTOOJZqE1vSHm.3","action":"ProcessGetUpdates", "result":"Done", "context":{"dataType":"History", "deleted":"0", "process_failed_to_decrypt":"0", "process_pending_decryption":"0", "process_success":"1", "total":"1"}}
{"logTime": "0425/010532", "correlationVector":"B9ctVFFl3kTOOJZqE1vSHm.4","action":"GetUpdates Response", "result":"Success", "context":Received 2 update(s). cV=B9ctVFFl3kTOOJZqE1vSHm.0;server=akswtt00000000d;cloudType=Consumer;environment=Prod_germanywestcentral_prod-s01-010-eur-germanywestcentral;migrationStage=NotStarted}
{"logTime": "0425/010532", "correlationVector":"X8CQCSp/JKi9qoSPK7KtQ2","action":"SyncServerConnectionManagerRequest", "result":"SYNC_SERVER_OK", "context":{"environment":"", "migrationStage":"", "server":""}}
{"logTime": "0425/010532", "correlationVector":"X8CQCSp/JKi9qoSPK7KtQ2.0","action":"EncryptionKeysFetcher.DownloadKeys:", "result":"Success", "context":Key count: 6, Last key timestamp: 2026-04-22T22:36:10Z}
{"logTime": "0425/010532", "correlationVector":"X8CQCSp/JKi9qoSPK7KtQ2.1","action":"EncryptionKeysManager::SetEncryptionKeys:", "result":"Success", "context":Key names[6]:[M0Y6+fPMRT868GEy1y1PhpAPTA3xhjSDSLQTPnYY9mmMyqWV0qHfF5MsSI50aZq0PlPCKKuBUPjJp0k4XP68NA==][GvfOp2JYRJe72vllVUp1ktS3WYZTPG2nPlcROqpN8j0SXMXBbAqIF/EL86Ck8IqZcatRH0rbk84VGpzykhH6Fg==][Dp3EhC2rte+vle5PRbi23atJ8SI7/VASTACvTcku5D5IGJblKdmVdHcT/MdDS5XFOEeuBIlUv57OOLPtxoIIYA==][zeKfLyi7i8UcGP1p1GwlLCy6Vs1/85QP4fPDpVLimen47t0HGRsCpKlsGWieFy1c2+OuBOkAcpdUiIzqj4PXvg==][H+nI5279IxL9pvQG/3ZD5s2oq3dAWm0+BeiMGJzeXo2GwlAyTZ/hITEJolpdW2Ekt5XBVlmiC9JgKMDc3g2pOw==][jqvTPxkCkVknpgER1l9HcbePutHc17mF6kO3y8I5WXzYXEk1cqSjmQcen6qt8zA6zlDJN9AspmgmdIIT2vBJSg==]}
{"logTime": "0425/010532", "correlationVector":"X8CQCSp/JKi9qoSPK7KtQ2.2","action":"EncryptionKeysManager::SetEncryptionKeysWithTimestamps:", "result":"Success", "context":Key timestamps[6]:[2022-10-26T12:39:27Z][2023-04-29T11:24:28Z][2023-11-01T10:38:17Z][2023-11-15T18:20:31Z][2024-06-22T10:06:18Z][2026-04-22T22:36:10Z]}
{"logTime": "0425/010532", "correlationVector":"wyudlWGxzikEJ7sLITR4Eg","action":"Initial GetUpdates", "result":"", "context":Reason: NEWLY_SUPPORTED_DATATYPE. cV=wyudlWGxzikEJ7sLITR4Eg}
{"logTime": "0425/010532", "correlationVector":"wyudlWGxzikEJ7sLITR4Eg.1","action":"SyncServerConnectionManagerRequest", "result":"SYNC_SERVER_OK", "context":{"environment":"Prod_germanywestcentral_prod-s01-010-eur-germanywestcentral", "migrationStage":"NotStarted", "server":"akswtt000000001"}}
{"logTime": "0425/010532", "correlationVector":"wyudlWGxzikEJ7sLITR4Eg.2","action":"ProcessGetUpdates", "result":"Done", "context":{"dataType":"Passwords", "deleted":"0", "process_failed_to_decrypt":"0", "process_pending_decryption":"0", "process_success":"4", "total":"4"}}
{"logTime": "0425/010532", "correlationVector":"wyudlWGxzikEJ7sLITR4Eg.3","action":"GetUpdates Response", "result":"Success", "context":Received 4 update(s). cV=wyudlWGxzikEJ7sLITR4Eg.0;server=akswtt000000001;cloudType=Consumer;environment=Prod_germanywestcentral_prod-s01-010-eur-germanywestcentral;migrationStage=NotStarted}
{"logTime": "0425/010532", "correlationVector":"Tg5epPK+hU1iWKKgCCGbv7","action":"Initial GetUpdates", "result":"", "context":Reason: NEWLY_SUPPORTED_DATATYPE. cV=Tg5epPK+hU1iWKKgCCGbv7}
{"logTime": "0425/010532", "correlationVector":"Tg5epPK+hU1iWKKgCCGbv7.1","action":"SyncServerConnectionManagerRequest", "result":"SYNC_SERVER_OK", "context":{"environment":"Prod_germanywestcentral_prod-s01-010-eur-germanywestcentral", "migrationStage":"NotStarted", "server":"akswtt00000000f"}}
{"logTime": "0425/010532", "correlationVector":"Tg5epPK+hU1iWKKgCCGbv7.2","action":"ProcessGetUpdates", "result":"Done", "context":{"dataType":"Autofill Profiles", "deleted":"4", "process_failed_to_decrypt":"0", "process_pending_decryption":"0", "process_success":"4", "total":"4"}}
{"logTime": "0425/010532", "correlationVector":"Tg5epPK+hU1iWKKgCCGbv7.3","action":"ProcessGetUpdates", "result":"Done", "context":{"dataType":"Autofill", "deleted":"0", "process_failed_to_decrypt":"0", "process_pending_decryption":"0", "process_success":"1", "total":"1"}}
{"logTime": "0425/010532", "correlationVector":"Tg5epPK+hU1iWKKgCCGbv7.4","action":"GetUpdates Response", "result":"Success", "context":Received 5 update(s). cV=Tg5epPK+hU1iWKKgCCGbv7.0;server=akswtt00000000f;cloudType=Consumer;environment=Prod_germanywestcentral_prod-s01-010-eur-germanywestcentral;migrationStage=NotStarted}
{"logTime": "0425/010532", "correlationVector":"/a2C2q0sqI6bgXjy9EDtm1","action":"Normal GetUpdate request", "result":"", "context":cV=/a2C2q0sqI6bgXjy9EDtm1
Refresh requested types: Bookmarks, Preferences, Passwords, Autofill Profiles, Autofill, Extensions, Sessions, Extension settings, History Delete Directives, Device Info, User Consents, Send Tab To Self, Web Apps, History, Saved Tab Group, WebAuthn Credentials, Collection, Edge E Drop, Edge Hub App Usage, Edge Wallet, Edge Workspace, Encryption Keys}
{"logTime": "0425/010533", "correlationVector":"/a2C2q0sqI6bgXjy9EDtm1.1","action":"SyncServerConnectionManagerRequest", "result":"SYNC_SERVER_OK", "context":{"environment":"Prod_germanywestcentral_prod-s01-010-eur-germanywestcentral", "migrationStage":"NotStarted", "server":"akswtt000000000"}}
{"logTime": "0425/010533", "correlationVector":"/a2C2q0sqI6bgXjy9EDtm1.2","action":"GetUpdates Response", "result":"Success", "context":Received 0 update(s). cV=/a2C2q0sqI6bgXjy9EDtm1.0;server=akswtt000000000;cloudType=Consumer;environment=Prod_germanywestcentral_prod-s01-010-eur-germanywestcentral;migrationStage=NotStarted}
{"logTime": "0425/010807", "correlationVector":"kdHo4m8LfbVf4jQvPkegFb.1","action":"SyncServerConnectionManagerRequest", "result":"SYNC_SERVER_OK", "context":{"environment":"Prod_germanywestcentral_prod-s01-010-eur-germanywestcentral", "migrationStage":"NotStarted", "server":"akswtt000000015"}}
{"logTime": "0425/010807", "correlationVector":"kdHo4m8LfbVf4jQvPkegFb.2","action":"ProcessGetUpdates", "result":"Done", "context":{"dataType":"Encryption Keys", "deleted":"0", "process_failed_to_decrypt":"0", "process_pending_decryption":"0", "process_success":"1", "total":"1"}}
{"logTime": "0425/010808", "correlationVector":"sHklzYmMaZnZeImlWjQWeg","action":"SyncServerConnectionManagerRequest", "result":"SYNC_SERVER_OK", "context":{"environment":"", "migrationStage":"", "server":""}}
{"logTime": "0425/010808", "correlationVector":"sHklzYmMaZnZeImlWjQWeg.0","action":"EncryptionKeysFetcher.DownloadKeys:", "result":"Success", "context":Key count: 6, Last key timestamp: 2026-04-22T22:36:10Z}
{"logTime": "0425/010808", "correlationVector":"sHklzYmMaZnZeImlWjQWeg.1","action":"EncryptionKeysManager::SetEncryptionKeys:", "result":"Success", "context":Key names[6]:[M0Y6+fPMRT868GEy1y1PhpAPTA3xhjSDSLQTPnYY9mmMyqWV0qHfF5MsSI50aZq0PlPCKKuBUPjJp0k4XP68NA==][GvfOp2JYRJe72vllVUp1ktS3WYZTPG2nPlcROqpN8j0SXMXBbAqIF/EL86Ck8IqZcatRH0rbk84VGpzykhH6Fg==][Dp3EhC2rte+vle5PRbi23atJ8SI7/VASTACvTcku5D5IGJblKdmVdHcT/MdDS5XFOEeuBIlUv57OOLPtxoIIYA==][zeKfLyi7i8UcGP1p1GwlLCy6Vs1/85QP4fPDpVLimen47t0HGRsCpKlsGWieFy1c2+OuBOkAcpdUiIzqj4PXvg==][H+nI5279IxL9pvQG/3ZD5s2oq3dAWm0+BeiMGJzeXo2GwlAyTZ/hITEJolpdW2Ekt5XBVlmiC9JgKMDc3g2pOw==][jqvTPxkCkVknpgER1l9HcbePutHc17mF6kO3y8I5WXzYXEk1cqSjmQcen6qt8zA6zlDJN9AspmgmdIIT2vBJSg==]}
{"logTime": "0425/010808", "correlationVector":"sHklzYmMaZnZeImlWjQWeg.2","action":"EncryptionKeysManager::SetEncryptionKeysWithTimestamps:", "result":"Success", "context":Key timestamps[6]:[2022-10-26T12:39:27Z][2023-04-29T11:24:28Z][2023-11-01T10:38:17Z][2023-11-15T18:20:31Z][2024-06-22T10:06:18Z][2026-04-22T22:36:10Z]}
{"logTime": "0425/010808", "correlationVector":"kdHo4m8LfbVf4jQvPkegFb","action":"Initial GetUpdates", "result":"", "context":Reason: NEW_CLIENT. cV=kdHo4m8LfbVf4jQvPkegFb}
{"logTime": "0425/010808", "correlationVector":"kdHo4m8LfbVf4jQvPkegFb.3","action":"GetUpdates Response", "result":"Success", "context":Received 1 update(s). cV=kdHo4m8LfbVf4jQvPkegFb.0;server=akswtt000000015;cloudType=Consumer;environment=Prod_germanywestcentral_prod-s01-010-eur-germanywestcentral;migrationStage=NotStarted}
{"logTime": "0425/010808", "correlationVector":"KrXQn/L7qqVIAaB8KKXZU+","action":"Initial GetUpdates", "result":"", "context":Reason: NEWLY_SUPPORTED_DATATYPE. cV=KrXQn/L7qqVIAaB8KKXZU+}
{"logTime": "0425/010808", "correlationVector":"KrXQn/L7qqVIAaB8KKXZU+.1","action":"SyncServerConnectionManagerRequest", "result":"SYNC_SERVER_OK", "context":{"environment":"Prod_germanywestcentral_prod-s01-010-eur-germanywestcentral", "migrationStage":"NotStarted", "server":"akswtt000000007"}}
{"logTime": "0425/010808", "correlationVector":"KrXQn/L7qqVIAaB8KKXZU+.2","action":"ProcessGetUpdates", "result":"Done", "context":{"dataType":"Passwords", "deleted":"0", "process_failed_to_decrypt":"0", "process_pending_decryption":"0", "process_success":"4", "total":"4"}}
{"logTime": "0425/010808", "correlationVector":"KrXQn/L7qqVIAaB8KKXZU+.3","action":"GetUpdates Response", "result":"Success", "context":Received 4 update(s). cV=KrXQn/L7qqVIAaB8KKXZU+.0;server=akswtt000000007;cloudType=Consumer;environment=Prod_germanywestcentral_prod-s01-010-eur-germanywestcentral;migrationStage=NotStarted}
{"logTime": "0425/010808", "correlationVector":"Vla2hwGToJ0KgM8ofpulQU","action":"Normal GetUpdate request", "result":"", "context":cV=Vla2hwGToJ0KgM8ofpulQU
Nudged types: Sessions, Device Info, History
Refresh requested types: Bookmarks, Preferences, Passwords, Autofill Profiles, Autofill, Extensions, Sessions, Extension settings, History Delete Directives, Device Info, User Consents, Send Tab To Self, Web Apps, History, Saved Tab Group, WebAuthn Credentials, Collection, Edge E Drop, Edge Hub App Usage, Edge Wallet, Edge Workspace, Encryption Keys}
{"logTime": "0425/010808", "correlationVector":"Vla2hwGToJ0KgM8ofpulQU.1","action":"SyncServerConnectionManagerRequest", "result":"SYNC_SERVER_OK", "context":{"environment":"Prod_germanywestcentral_prod-s01-010-eur-germanywestcentral", "migrationStage":"NotStarted", "server":"akswtt00000000j"}}
{"logTime": "0425/010808", "correlationVector":"Vla2hwGToJ0KgM8ofpulQU.2","action":"GetUpdates Response", "result":"Success", "context":Received 0 update(s). cV=Vla2hwGToJ0KgM8ofpulQU.0;server=akswtt00000000j;cloudType=Consumer;environment=Prod_germanywestcentral_prod-s01-010-eur-germanywestcentral;migrationStage=NotStarted}
{"logTime": "0425/010808", "correlationVector":"svdtseK3HUbf4O3k4KGCTL","action":"Commit Request", "result":"", "context":Item count: 5
Contributing types: Sessions, Device Info, History}
{"logTime": "0425/010808", "correlationVector":"svdtseK3HUbf4O3k4KGCTL.1","action":"SyncServerConnectionManagerRequest", "result":"SYNC_SERVER_OK", "context":{"environment":"Prod_germanywestcentral_prod-s01-010-eur-germanywestcentral", "migrationStage":"NotStarted", "server":"akswtt00000000i"}}
{"logTime": "0425/010808", "correlationVector":"svdtseK3HUbf4O3k4KGCTL.2","action":"Commit Response", "result":"Success", "context":Result: Success. cV=svdtseK3HUbf4O3k4KGCTL.0;server=akswtt00000000i;cloudType=Consumer;environment=Prod_germanywestcentral_prod-s01-010-eur-germanywestcentral;migrationStage=NotStarted}
{"logTime": "0425/010915", "correlationVector":"cVPZHx/rlQmD6kI+ByxZNJ","action":"Commit Request", "result":"", "context":Item count: 2
Contributing types: Sessions, History}
{"logTime": "0425/010915", "correlationVector":"cVPZHx/rlQmD6kI+ByxZNJ.1","action":"SyncServerConnectionManagerRequest", "result":"SYNC_SERVER_OK", "context":{"environment":"Prod_germanywestcentral_prod-s01-011-eur-germanywestcentral", "migrationStage":"NotStarted", "server":"akswtt003000018"}}
{"logTime": "0425/010915", "correlationVector":"cVPZHx/rlQmD6kI+ByxZNJ.2","action":"Commit Response", "result":"Success", "context":Result: Success. cV=cVPZHx/rlQmD6kI+ByxZNJ.0;server=akswtt003000018;cloudType=Consumer;environment=Prod_germanywestcentral_prod-s01-011-eur-germanywestcentral;migrationStage=NotStarted}
