Started server process [11424]
Waiting for application startup.
Application startup complete.
Started server process [51216]
Waiting for application startup.
Application startup complete.
Data Manager received Vertex AI Vision Update.
Data Manager received Vertex AI Vision Update.
Data Manager received Vertex AI Vision Update.
Data Manager received Vertex AI Vision Update.
Data Manager received Vertex AI Vision Update.
Data Manager received Vertex AI Vision Update.
Data Manager received Vertex AI Vision Update.
Data Manager received Vertex AI Vision Update.
Data Manager received Vertex AI Vision Update.
Data Manager received Vertex AI Vision Update.
Shutting down
Waiting for application shutdown.
Application shutdown complete.
Finished server process [11424]
Shutting down
Waiting for application shutdown.
Application shutdown complete.
Finished server process [51216]
Started server process [48556]
Waiting for application startup.
Application startup complete.
Data Manager received Vertex AI Vision Update.
Data Manager received Vertex AI Vision Update.
Shutting down
Waiting for application shutdown.
Application shutdown complete.
Finished server process [48556]
Started server process [30620]
Waiting for application startup.
Application startup complete.
Started server process [56132]
Waiting for application startup.
Application startup complete.
Parsing local match files from E:\U_HACK_FINAL\Data_Fixed\Date - meciuri...
Successfully parsed 16 teams and 278 matches.
Returning cached chronic gaps for adversar
Data Manager received Vertex AI Vision Update.
Data Manager received Vertex AI Vision Update.
Data Manager received Vertex AI Vision Update.
Data Manager received Vertex AI Vision Update.
Returning cached chronic gaps for adversar
Data Manager received Vertex AI Vision Update.
Data Manager received Vertex AI Vision Update.
Data Manager received Vertex AI Vision Update.
Data Manager received Vertex AI Vision Update.
Shutting down
Waiting for application shutdown.
Application shutdown complete.
Finished server process [30620]
Shutting down
Waiting for application shutdown.
Application shutdown complete.
Finished server process [56132]
